2025-07-20 09:00:25 - __main__ - ERROR - DISCORD_TOKEN not found in environment variables!
2025-07-20 09:00:25 - __main__ - ERROR - Please set DISCORD_TOKEN in your .env file or environment.
2025-07-20 09:01:33 - __main__ - INFO - Starting keep-alive web server...
2025-07-20 09:01:33 - __main__ - INFO - Keep-alive server started successfully on port 8000
2025-07-20 09:01:33 - werkzeug - INFO - [31m[1mWARNING: This is a development server. Do not use it in a production deployment. Use a production WSGI server instead.[0m
 * Running on all addresses (0.0.0.0)
 * Running on http://127.0.0.1:8000
 * Running on http://172.31.128.96:8000
2025-07-20 09:01:33 - werkzeug - INFO - [33mPress CTRL+C to quit[0m
2025-07-20 09:01:34 - discord.client - WARNING - PyNaCl is not installed, voice will NOT be supported
2025-07-20 09:01:34 - config - INFO - Configuration loaded from config.json
2025-07-20 09:01:34 - __main__ - INFO - Starting Discord Thread Lock Bot...
2025-07-20 09:01:34 - __main__ - INFO - Web interface available for monitoring and pinging
2025-07-20 09:01:34 - discord.client - INFO - logging in using static token
2025-07-20 09:01:34 - bot - INFO - Bot is setting up...
2025-07-20 09:01:34 - bot - INFO - Synced 0 command(s)
2025-07-20 09:01:35 - discord.gateway - INFO - Shard ID None has connected to Gateway (Session ID: dbb9e77bdc978cfad0048fc74d3a72d2).
2025-07-20 09:01:37 - bot - INFO - Auto Lock Thread#1010 has connected to Discord!
2025-07-20 09:01:37 - bot - INFO - Bot is in 1 guild(s)
2025-07-20 09:01:37 - bot - INFO - Guild: Aetherian Sovereignty (ID: 1088120058783465536)
2025-07-20 09:01:43 - __main__ - INFO - Starting keep-alive web server...
2025-07-20 09:01:43 - __main__ - INFO - Keep-alive server started successfully on port 8000
2025-07-20 09:01:43 - werkzeug - INFO - [31m[1mWARNING: This is a development server. Do not use it in a production deployment. Use a production WSGI server instead.[0m
 * Running on all addresses (0.0.0.0)
 * Running on http://127.0.0.1:8000
 * Running on http://172.31.128.96:8000
2025-07-20 09:01:43 - werkzeug - INFO - [33mPress CTRL+C to quit[0m
2025-07-20 09:01:44 - discord.client - WARNING - PyNaCl is not installed, voice will NOT be supported
2025-07-20 09:01:44 - config - INFO - Configuration loaded from config.json
2025-07-20 09:01:44 - __main__ - INFO - Starting Discord Thread Lock Bot...
2025-07-20 09:01:44 - __main__ - INFO - Web interface available for monitoring and pinging
2025-07-20 09:01:44 - discord.client - INFO - logging in using static token
2025-07-20 09:01:44 - bot - INFO - Bot is setting up...
2025-07-20 09:02:40 - __main__ - INFO - Starting keep-alive web server...
2025-07-20 09:02:40 - __main__ - INFO - Keep-alive server started successfully on port 5000
2025-07-20 09:02:40 - werkzeug - INFO - [31m[1mWARNING: This is a development server. Do not use it in a production deployment. Use a production WSGI server instead.[0m
 * Running on all addresses (0.0.0.0)
 * Running on http://127.0.0.1:5000
 * Running on http://172.31.128.96:5000
2025-07-20 09:02:40 - werkzeug - INFO - [33mPress CTRL+C to quit[0m
2025-07-20 09:02:41 - discord.client - WARNING - PyNaCl is not installed, voice will NOT be supported
2025-07-20 09:02:41 - config - INFO - Configuration loaded from config.json
2025-07-20 09:02:41 - __main__ - INFO - Starting Discord Thread Lock Bot...
2025-07-20 09:02:41 - __main__ - INFO - Web interface available for monitoring and pinging
2025-07-20 09:02:41 - discord.client - INFO - logging in using static token
2025-07-20 09:02:41 - bot - INFO - Bot is setting up...
2025-07-20 09:02:42 - bot - INFO - Synced 0 command(s)
2025-07-20 09:02:42 - discord.gateway - INFO - Shard ID None has connected to Gateway (Session ID: 6a1333f6ec4fad8addbb3a45e1005b10).
2025-07-20 09:02:44 - bot - INFO - Auto Lock Thread#1010 has connected to Discord!
2025-07-20 09:02:44 - bot - INFO - Bot is in 1 guild(s)
2025-07-20 09:02:44 - bot - INFO - Guild: Aetherian Sovereignty (ID: 1088120058783465536)
2025-07-20 09:02:50 - __main__ - INFO - Starting keep-alive web server...
2025-07-20 09:02:50 - __main__ - INFO - Keep-alive server started successfully on port 5000
2025-07-20 09:02:50 - werkzeug - INFO - [31m[1mWARNING: This is a development server. Do not use it in a production deployment. Use a production WSGI server instead.[0m
 * Running on all addresses (0.0.0.0)
 * Running on http://127.0.0.1:5000
 * Running on http://172.31.128.96:5000
2025-07-20 09:02:50 - werkzeug - INFO - [33mPress CTRL+C to quit[0m
2025-07-20 09:02:51 - discord.client - WARNING - PyNaCl is not installed, voice will NOT be supported
2025-07-20 09:02:51 - config - INFO - Configuration loaded from config.json
2025-07-20 09:02:51 - __main__ - INFO - Starting Discord Thread Lock Bot...
2025-07-20 09:02:51 - __main__ - INFO - Web interface available for monitoring and pinging
2025-07-20 09:02:51 - discord.client - INFO - logging in using static token
2025-07-20 09:02:52 - bot - INFO - Bot is setting up...
2025-07-20 09:03:19 - __main__ - INFO - Starting keep-alive web server...
2025-07-20 09:03:19 - __main__ - INFO - Keep-alive server started successfully on port 5000
2025-07-20 09:03:19 - werkzeug - INFO - [31m[1mWARNING: This is a development server. Do not use it in a production deployment. Use a production WSGI server instead.[0m
 * Running on all addresses (0.0.0.0)
 * Running on http://127.0.0.1:5000
 * Running on http://172.31.128.96:5000
2025-07-20 09:03:19 - werkzeug - INFO - [33mPress CTRL+C to quit[0m
2025-07-20 09:03:20 - discord.client - WARNING - PyNaCl is not installed, voice will NOT be supported
2025-07-20 09:03:20 - config - INFO - Configuration loaded from config.json
2025-07-20 09:03:20 - __main__ - INFO - Starting Discord Thread Lock Bot...
2025-07-20 09:03:20 - __main__ - INFO - Web interface available for monitoring and pinging
2025-07-20 09:03:20 - discord.client - INFO - logging in using static token
2025-07-20 09:03:20 - __main__ - ERROR - Failed to start bot: Improper token has been passed.
2025-07-20 09:03:20 - __main__ - ERROR - Full traceback: Traceback (most recent call last):
  File "/home/runner/workspace/.pythonlibs/lib/python3.11/site-packages/discord/http.py", line 828, in static_login
    data = await self.request(Route('GET', '/users/@me'))
           ^^^^^^^^^^^^^^^^^^^^^^^^^^^^^^^^^^^^^^^^^^^^^^
  File "/home/runner/workspace/.pythonlibs/lib/python3.11/site-packages/discord/http.py", line 762, in request
    raise HTTPException(response, data)
discord.errors.HTTPException: 401 Unauthorized (error code: 0): 401: Unauthorized

The above exception was the direct cause of the following exception:

Traceback (most recent call last):
  File "/home/runner/workspace/main.py", line 44, in main
    bot.run(token)
  File "/home/runner/workspace/.pythonlibs/lib/python3.11/site-packages/discord/client.py", line 906, in run
    asyncio.run(runner())
  File "/nix/store/clx0mcir7qw8zk36zbr4jra789g3knf6-python3-3.11.10/lib/python3.11/asyncio/runners.py", line 190, in run
    return runner.run(main)
           ^^^^^^^^^^^^^^^^
  File "/nix/store/clx0mcir7qw8zk36zbr4jra789g3knf6-python3-3.11.10/lib/python3.11/asyncio/runners.py", line 118, in run
    return self._loop.run_until_complete(task)
           ^^^^^^^^^^^^^^^^^^^^^^^^^^^^^^^^^^^
  File "/nix/store/clx0mcir7qw8zk36zbr4jra789g3knf6-python3-3.11.10/lib/python3.11/asyncio/base_events.py", line 654, in run_until_complete
    return future.result()
           ^^^^^^^^^^^^^^^
  File "/home/runner/workspace/.pythonlibs/lib/python3.11/site-packages/discord/client.py", line 895, in runner
    await self.start(token, reconnect=reconnect)
  File "/home/runner/workspace/.pythonlibs/lib/python3.11/site-packages/discord/client.py", line 823, in start
    await self.login(token)
  File "/home/runner/workspace/.pythonlibs/lib/python3.11/site-packages/discord/client.py", line 652, in login
    data = await self.http.static_login(token)
           ^^^^^^^^^^^^^^^^^^^^^^^^^^^^^^^^^^^
  File "/home/runner/workspace/.pythonlibs/lib/python3.11/site-packages/discord/http.py", line 832, in static_login
    raise LoginFailure('Improper token has been passed.') from exc
discord.errors.LoginFailure: Improper token has been passed.

2025-07-20 09:03:36 - __main__ - INFO - Starting keep-alive web server...
2025-07-20 09:03:36 - __main__ - INFO - Keep-alive server started successfully on port 5000
2025-07-20 09:03:36 - werkzeug - INFO - [31m[1mWARNING: This is a development server. Do not use it in a production deployment. Use a production WSGI server instead.[0m
 * Running on all addresses (0.0.0.0)
 * Running on http://127.0.0.1:5000
 * Running on http://172.31.128.96:5000
2025-07-20 09:03:36 - werkzeug - INFO - [33mPress CTRL+C to quit[0m
2025-07-20 09:03:37 - discord.client - WARNING - PyNaCl is not installed, voice will NOT be supported
2025-07-20 09:03:37 - config - INFO - Configuration loaded from config.json
2025-07-20 09:03:37 - __main__ - INFO - Starting Discord Thread Lock Bot...
2025-07-20 09:03:37 - __main__ - INFO - Web interface available for monitoring and pinging
2025-07-20 09:03:37 - discord.client - INFO - logging in using static token
2025-07-20 09:03:37 - __main__ - ERROR - Failed to start bot: Improper token has been passed.
2025-07-20 09:03:37 - __main__ - ERROR - Full traceback: Traceback (most recent call last):
  File "/home/runner/workspace/.pythonlibs/lib/python3.11/site-packages/discord/http.py", line 828, in static_login
    data = await self.request(Route('GET', '/users/@me'))
           ^^^^^^^^^^^^^^^^^^^^^^^^^^^^^^^^^^^^^^^^^^^^^^
  File "/home/runner/workspace/.pythonlibs/lib/python3.11/site-packages/discord/http.py", line 762, in request
    raise HTTPException(response, data)
discord.errors.HTTPException: 401 Unauthorized (error code: 0): 401: Unauthorized

The above exception was the direct cause of the following exception:

Traceback (most recent call last):
  File "/home/runner/workspace/main.py", line 52, in main
    bot.run(token)
  File "/home/runner/workspace/.pythonlibs/lib/python3.11/site-packages/discord/client.py", line 906, in run
    asyncio.run(runner())
  File "/nix/store/clx0mcir7qw8zk36zbr4jra789g3knf6-python3-3.11.10/lib/python3.11/asyncio/runners.py", line 190, in run
    return runner.run(main)
           ^^^^^^^^^^^^^^^^
  File "/nix/store/clx0mcir7qw8zk36zbr4jra789g3knf6-python3-3.11.10/lib/python3.11/asyncio/runners.py", line 118, in run
    return self._loop.run_until_complete(task)
           ^^^^^^^^^^^^^^^^^^^^^^^^^^^^^^^^^^^
  File "/nix/store/clx0mcir7qw8zk36zbr4jra789g3knf6-python3-3.11.10/lib/python3.11/asyncio/base_events.py", line 654, in run_until_complete
    return future.result()
           ^^^^^^^^^^^^^^^
  File "/home/runner/workspace/.pythonlibs/lib/python3.11/site-packages/discord/client.py", line 895, in runner
    await self.start(token, reconnect=reconnect)
  File "/home/runner/workspace/.pythonlibs/lib/python3.11/site-packages/discord/client.py", line 823, in start
    await self.login(token)
  File "/home/runner/workspace/.pythonlibs/lib/python3.11/site-packages/discord/client.py", line 652, in login
    data = await self.http.static_login(token)
           ^^^^^^^^^^^^^^^^^^^^^^^^^^^^^^^^^^^
  File "/home/runner/workspace/.pythonlibs/lib/python3.11/site-packages/discord/http.py", line 832, in static_login
    raise LoginFailure('Improper token has been passed.') from exc
discord.errors.LoginFailure: Improper token has been passed.

2025-07-20 09:04:15 - __main__ - INFO - Starting keep-alive web server...
2025-07-20 09:04:15 - __main__ - INFO - Keep-alive server started successfully on port 5000
2025-07-20 09:04:15 - werkzeug - INFO - [31m[1mWARNING: This is a development server. Do not use it in a production deployment. Use a production WSGI server instead.[0m
 * Running on all addresses (0.0.0.0)
 * Running on http://127.0.0.1:5000
 * Running on http://172.31.128.96:5000
2025-07-20 09:04:15 - werkzeug - INFO - [33mPress CTRL+C to quit[0m
2025-07-20 09:04:16 - discord.client - WARNING - PyNaCl is not installed, voice will NOT be supported
2025-07-20 09:04:16 - config - INFO - Configuration loaded from config.json
2025-07-20 09:04:16 - __main__ - INFO - Starting Discord Thread Lock Bot...
2025-07-20 09:04:16 - __main__ - INFO - Web interface available for monitoring and pinging
2025-07-20 09:04:16 - discord.client - INFO - logging in using static token
2025-07-20 09:04:16 - bot - INFO - Bot is setting up...
2025-07-20 09:04:16 - bot - INFO - Synced 0 command(s)
2025-07-20 09:04:17 - discord.gateway - INFO - Shard ID None has connected to Gateway (Session ID: 2fdf2198892ee880fa81321d46d8beb3).
2025-07-20 09:04:19 - bot - INFO - Auto Lock Thread#1010 has connected to Discord!
2025-07-20 09:04:19 - bot - INFO - Bot is in 1 guild(s)
2025-07-20 09:04:19 - bot - INFO - Guild: Aetherian Sovereignty (ID: 1088120058783465536)
2025-07-20 09:04:32 - werkzeug - INFO - 127.0.0.1 - - [20/Jul/2025 09:04:32] "GET /status HTTP/1.1" 200 -
2025-07-20 09:05:00 - __main__ - INFO - Starting keep-alive web server...
2025-07-20 09:05:00 - __main__ - INFO - Keep-alive server started successfully on port 5000
2025-07-20 09:05:00 - werkzeug - INFO - [31m[1mWARNING: This is a development server. Do not use it in a production deployment. Use a production WSGI server instead.[0m
 * Running on all addresses (0.0.0.0)
 * Running on http://127.0.0.1:5000
 * Running on http://172.31.128.96:5000
2025-07-20 09:05:00 - werkzeug - INFO - [33mPress CTRL+C to quit[0m
2025-07-20 09:05:01 - discord.client - WARNING - PyNaCl is not installed, voice will NOT be supported
2025-07-20 09:05:01 - config - INFO - Configuration loaded from config.json
2025-07-20 09:05:01 - __main__ - INFO - Starting Discord Thread Lock Bot...
2025-07-20 09:05:01 - __main__ - INFO - Web interface available for monitoring and pinging
2025-07-20 09:05:01 - discord.client - INFO - logging in using static token
2025-07-20 09:05:01 - bot - INFO - Bot is setting up...
2025-07-20 09:05:02 - werkzeug - INFO - 172.31.128.96 - - [20/Jul/2025 09:05:02] "GET / HTTP/1.1" 200 -
2025-07-20 09:05:02 - bot - INFO - Synced 0 command(s)
2025-07-20 09:05:02 - discord.gateway - INFO - Shard ID None has connected to Gateway (Session ID: 3adffb65f5475314048bf3abdbe7f162).
2025-07-20 09:05:04 - bot - INFO - Auto Lock Thread#1010 has connected to Discord!
2025-07-20 09:05:04 - bot - INFO - Bot is in 1 guild(s)
2025-07-20 09:05:04 - bot - INFO - Guild: Aetherian Sovereignty (ID: 1088120058783465536)
2025-07-20 09:05:06 - werkzeug - INFO - 127.0.0.1 - - [20/Jul/2025 09:05:06] "GET / HTTP/1.1" 200 -
2025-07-20 09:05:13 - werkzeug - INFO - 127.0.0.1 - - [20/Jul/2025 09:05:13] "GET /status HTTP/1.1" 200 -
2025-07-20 09:06:16 - __main__ - INFO - Starting keep-alive web server...
2025-07-20 09:06:16 - __main__ - INFO - Keep-alive server started successfully on port 5000
2025-07-20 09:06:16 - werkzeug - INFO - [31m[1mWARNING: This is a development server. Do not use it in a production deployment. Use a production WSGI server instead.[0m
 * Running on all addresses (0.0.0.0)
 * Running on http://127.0.0.1:5000
 * Running on http://172.31.128.96:5000
2025-07-20 09:06:16 - werkzeug - INFO - [33mPress CTRL+C to quit[0m
2025-07-20 09:06:16 - werkzeug - INFO - 172.31.128.96 - - [20/Jul/2025 09:06:16] "GET / HTTP/1.1" 200 -
2025-07-20 09:06:17 - discord.client - WARNING - PyNaCl is not installed, voice will NOT be supported
2025-07-20 09:06:17 - config - INFO - Configuration loaded from config.json
2025-07-20 09:06:17 - __main__ - INFO - Starting Discord Thread Lock Bot...
2025-07-20 09:06:17 - __main__ - INFO - Web interface available for monitoring and pinging
2025-07-20 09:06:17 - discord.client - INFO - logging in using static token
2025-07-20 09:06:17 - bot - INFO - Bot is setting up...
2025-07-20 09:06:17 - bot - INFO - Synced 0 command(s)
2025-07-20 09:06:18 - discord.gateway - INFO - Shard ID None has connected to Gateway (Session ID: 5bb6ce6178aafd6db768f1e710a0615d).
2025-07-20 09:06:20 - bot - INFO - Auto Lock Thread#1010 has connected to Discord!
2025-07-20 09:06:20 - bot - INFO - Bot is in 1 guild(s)
2025-07-20 09:06:20 - bot - INFO - Guild: Aetherian Sovereignty (ID: 1088120058783465536)
2025-07-20 09:10:15 - __main__ - INFO - Starting keep-alive web server...
2025-07-20 09:10:15 - __main__ - INFO - Keep-alive server started successfully on port 5000
2025-07-20 09:10:15 - werkzeug - INFO - [31m[1mWARNING: This is a development server. Do not use it in a production deployment. Use a production WSGI server instead.[0m
 * Running on all addresses (0.0.0.0)
 * Running on http://127.0.0.1:5000
 * Running on http://172.31.128.96:5000
2025-07-20 09:10:15 - werkzeug - INFO - [33mPress CTRL+C to quit[0m
2025-07-20 09:10:16 - werkzeug - INFO - 172.31.128.96 - - [20/Jul/2025 09:10:16] "GET / HTTP/1.1" 200 -
2025-07-20 09:10:16 - discord.client - WARNING - PyNaCl is not installed, voice will NOT be supported
2025-07-20 09:10:16 - config - INFO - Configuration loaded from config.json
2025-07-20 09:10:16 - __main__ - INFO - Starting Discord Thread Lock Bot...
2025-07-20 09:10:16 - __main__ - INFO - Web interface available for monitoring and pinging
2025-07-20 09:10:16 - discord.client - INFO - logging in using static token
2025-07-20 09:10:17 - bot - INFO - Bot is setting up...
2025-07-20 09:10:17 - bot - INFO - Synced 0 command(s)
2025-07-20 09:10:18 - discord.gateway - INFO - Shard ID None has connected to Gateway (Session ID: fb17d7a67b66eb873ed88320f3e81add).
2025-07-20 09:10:20 - bot - INFO - Auto Lock Thread#1010 has connected to Discord!
2025-07-20 09:10:20 - bot - INFO - Bot is in 1 guild(s)
2025-07-20 09:10:20 - bot - INFO - Guild: Aetherian Sovereignty (ID: 1088120058783465536)
2025-07-20 09:15:30 - discord.gateway - INFO - Shard ID None session has been invalidated.
2025-07-20 09:15:35 - __main__ - ERROR - Failed to start bot: Shard ID None WebSocket closed with 4004
2025-07-20 09:15:35 - __main__ - ERROR - Full traceback: Traceback (most recent call last):
  File "/home/runner/workspace/main.py", line 52, in main
    bot.run(token)
  File "/home/runner/workspace/.pythonlibs/lib/python3.11/site-packages/discord/client.py", line 906, in run
    asyncio.run(runner())
  File "/nix/store/clx0mcir7qw8zk36zbr4jra789g3knf6-python3-3.11.10/lib/python3.11/asyncio/runners.py", line 190, in run
    return runner.run(main)
           ^^^^^^^^^^^^^^^^
  File "/nix/store/clx0mcir7qw8zk36zbr4jra789g3knf6-python3-3.11.10/lib/python3.11/asyncio/runners.py", line 118, in run
    return self._loop.run_until_complete(task)
           ^^^^^^^^^^^^^^^^^^^^^^^^^^^^^^^^^^^
  File "/nix/store/clx0mcir7qw8zk36zbr4jra789g3knf6-python3-3.11.10/lib/python3.11/asyncio/base_events.py", line 654, in run_until_complete
    return future.result()
           ^^^^^^^^^^^^^^^
  File "/home/runner/workspace/.pythonlibs/lib/python3.11/site-packages/discord/client.py", line 895, in runner
    await self.start(token, reconnect=reconnect)
  File "/home/runner/workspace/.pythonlibs/lib/python3.11/site-packages/discord/client.py", line 824, in start
    await self.connect(reconnect=reconnect)
  File "/home/runner/workspace/.pythonlibs/lib/python3.11/site-packages/discord/client.py", line 704, in connect
    await self.ws.poll_event()
  File "/home/runner/workspace/.pythonlibs/lib/python3.11/site-packages/discord/gateway.py", line 650, in poll_event
    raise ConnectionClosed(self.socket, shard_id=self.shard_id, code=code) from None
discord.errors.ConnectionClosed: Shard ID None WebSocket closed with 4004

2025-07-20 09:15:57 - __main__ - INFO - Starting keep-alive web server...
2025-07-20 09:15:57 - __main__ - INFO - Keep-alive server started successfully on port 5000
2025-07-20 09:15:57 - werkzeug - INFO - [31m[1mWARNING: This is a development server. Do not use it in a production deployment. Use a production WSGI server instead.[0m
 * Running on all addresses (0.0.0.0)
 * Running on http://127.0.0.1:5000
 * Running on http://172.31.128.96:5000
2025-07-20 09:15:57 - werkzeug - INFO - [33mPress CTRL+C to quit[0m
2025-07-20 09:15:58 - discord.client - WARNING - PyNaCl is not installed, voice will NOT be supported
2025-07-20 09:15:58 - config - INFO - Configuration loaded from config.json
2025-07-20 09:15:58 - __main__ - INFO - Starting Discord Thread Lock Bot...
2025-07-20 09:15:58 - __main__ - INFO - Web interface available for monitoring and pinging
2025-07-20 09:15:58 - discord.client - INFO - logging in using static token
2025-07-20 09:15:58 - __main__ - ERROR - Failed to start bot: Improper token has been passed.
2025-07-20 09:15:58 - __main__ - ERROR - Full traceback: Traceback (most recent call last):
  File "/home/runner/workspace/.pythonlibs/lib/python3.11/site-packages/discord/http.py", line 828, in static_login
    data = await self.request(Route('GET', '/users/@me'))
           ^^^^^^^^^^^^^^^^^^^^^^^^^^^^^^^^^^^^^^^^^^^^^^
  File "/home/runner/workspace/.pythonlibs/lib/python3.11/site-packages/discord/http.py", line 762, in request
    raise HTTPException(response, data)
discord.errors.HTTPException: 401 Unauthorized (error code: 0): 401: Unauthorized

The above exception was the direct cause of the following exception:

Traceback (most recent call last):
  File "/home/runner/workspace/main.py", line 52, in main
    bot.run(token)
  File "/home/runner/workspace/.pythonlibs/lib/python3.11/site-packages/discord/client.py", line 906, in run
    asyncio.run(runner())
  File "/nix/store/clx0mcir7qw8zk36zbr4jra789g3knf6-python3-3.11.10/lib/python3.11/asyncio/runners.py", line 190, in run
    return runner.run(main)
           ^^^^^^^^^^^^^^^^
  File "/nix/store/clx0mcir7qw8zk36zbr4jra789g3knf6-python3-3.11.10/lib/python3.11/asyncio/runners.py", line 118, in run
    return self._loop.run_until_complete(task)
           ^^^^^^^^^^^^^^^^^^^^^^^^^^^^^^^^^^^
  File "/nix/store/clx0mcir7qw8zk36zbr4jra789g3knf6-python3-3.11.10/lib/python3.11/asyncio/base_events.py", line 654, in run_until_complete
    return future.result()
           ^^^^^^^^^^^^^^^
  File "/home/runner/workspace/.pythonlibs/lib/python3.11/site-packages/discord/client.py", line 895, in runner
    await self.start(token, reconnect=reconnect)
  File "/home/runner/workspace/.pythonlibs/lib/python3.11/site-packages/discord/client.py", line 823, in start
    await self.login(token)
  File "/home/runner/workspace/.pythonlibs/lib/python3.11/site-packages/discord/client.py", line 652, in login
    data = await self.http.static_login(token)
           ^^^^^^^^^^^^^^^^^^^^^^^^^^^^^^^^^^^
  File "/home/runner/workspace/.pythonlibs/lib/python3.11/site-packages/discord/http.py", line 832, in static_login
    raise LoginFailure('Improper token has been passed.') from exc
discord.errors.LoginFailure: Improper token has been passed.

2025-07-20 09:16:34 - __main__ - INFO - Starting keep-alive web server...
2025-07-20 09:16:34 - __main__ - INFO - Keep-alive server started successfully on port 5000
2025-07-20 09:16:34 - werkzeug - INFO - [31m[1mWARNING: This is a development server. Do not use it in a production deployment. Use a production WSGI server instead.[0m
 * Running on all addresses (0.0.0.0)
 * Running on http://127.0.0.1:5000
 * Running on http://172.31.128.96:5000
2025-07-20 09:16:34 - werkzeug - INFO - [33mPress CTRL+C to quit[0m
2025-07-20 09:16:35 - discord.client - WARNING - PyNaCl is not installed, voice will NOT be supported
2025-07-20 09:16:35 - config - INFO - Configuration loaded from config.json
2025-07-20 09:16:35 - __main__ - INFO - Starting Discord Thread Lock Bot...
2025-07-20 09:16:35 - __main__ - INFO - Web interface available for monitoring and pinging
2025-07-20 09:16:35 - discord.client - INFO - logging in using static token
2025-07-20 09:16:36 - bot - INFO - Bot is setting up...
2025-07-20 09:16:36 - bot - INFO - Synced 0 command(s)
2025-07-20 09:16:36 - werkzeug - INFO - 172.31.128.96 - - [20/Jul/2025 09:16:36] "GET / HTTP/1.1" 200 -
2025-07-20 09:16:36 - discord.gateway - INFO - Shard ID None has connected to Gateway (Session ID: 2190f55f5e78c2950d33e43b26014877).
2025-07-20 09:16:38 - bot - INFO - Auto Lock Thread#1010 has connected to Discord!
2025-07-20 09:16:38 - bot - INFO - Bot is in 0 guild(s)
2025-07-20 09:20:35 - thread_actions - INFO - [LOCK] Thread 'Disscus Here' by urhalcyon. in Fire Department | Crystal Pride RP
2025-07-20 09:20:35 - handlers.thread_handler - INFO - Thread 'Disscus Here' locked by urhalcyon. in Fire Department | Crystal Pride RP
2025-07-20 09:20:56 - thread_actions - INFO - [LOCK] Thread 'Zambrota_Xandro' by urhalcyon. in Fire Department | Crystal Pride RP
2025-07-20 09:20:57 - handlers.thread_handler - INFO - Thread 'Zambrota_Xandro' locked by urhalcyon. in Fire Department | Crystal Pride RP
2025-07-20 09:27:37 - __main__ - INFO - Starting keep-alive web server...
2025-07-20 09:27:37 - __main__ - INFO - Keep-alive server started successfully on port 5000
2025-07-20 09:27:37 - werkzeug - INFO - [31m[1mWARNING: This is a development server. Do not use it in a production deployment. Use a production WSGI server instead.[0m
 * Running on all addresses (0.0.0.0)
 * Running on http://127.0.0.1:5000
 * Running on http://172.31.128.96:5000
2025-07-20 09:27:37 - werkzeug - INFO - [33mPress CTRL+C to quit[0m
2025-07-20 09:27:38 - discord.client - WARNING - PyNaCl is not installed, voice will NOT be supported
2025-07-20 09:27:38 - config - INFO - Configuration loaded from config.json
2025-07-20 09:27:38 - __main__ - INFO - Starting Discord Thread Lock Bot...
2025-07-20 09:27:38 - __main__ - INFO - Web interface available for monitoring and pinging
2025-07-20 09:27:38 - discord.client - INFO - logging in using static token
2025-07-20 09:27:39 - bot - INFO - Bot is setting up...
2025-07-20 09:27:39 - bot - INFO - Synced 0 command(s)
2025-07-20 09:27:39 - discord.gateway - INFO - Shard ID None has connected to Gateway (Session ID: 313f0f5d5828f3611d8564c0f969a843).
2025-07-20 09:27:40 - werkzeug - INFO - 172.31.128.96 - - [20/Jul/2025 09:27:40] "GET / HTTP/1.1" 200 -
2025-07-20 09:27:41 - bot - INFO - Auto Lock Thread#1010 has connected to Discord!
2025-07-20 09:27:41 - bot - INFO - Bot is in 2 guild(s)
2025-07-20 09:27:41 - bot - INFO - Guild: Aetherian Sovereignty (ID: 1088120058783465536)
2025-07-20 09:27:41 - bot - INFO - Guild: Fire Department | Crystal Pride RP (ID: 1252187253632008253)
2025-07-20 09:27:48 - thread_actions - INFO - [LOCK] Thread 'Disscus Here' by urhalcyon. in Fire Department | Crystal Pride RP
2025-07-20 09:27:48 - handlers.thread_handler - ERROR - Error locking thread: 'Config' object has no attribute 'get_guild_settings'
2025-07-20 09:28:02 - thread_actions - INFO - [LOCK] Thread 'Disscus Here' by urhalcyon. in Fire Department | Crystal Pride RP
2025-07-20 09:28:02 - handlers.thread_handler - ERROR - Error locking thread: 'Config' object has no attribute 'get_guild_settings'
2025-07-20 09:28:13 - thread_actions - INFO - [LOCK] Thread 'Disscus Here' by urhalcyon. in Fire Department | Crystal Pride RP
2025-07-20 09:28:13 - handlers.thread_handler - ERROR - Error locking thread: 'Config' object has no attribute 'get_guild_settings'
2025-07-20 09:29:46 - __main__ - INFO - Starting keep-alive web server...
2025-07-20 09:29:46 - __main__ - INFO - Keep-alive server started successfully on port 5000
2025-07-20 09:29:46 - werkzeug - INFO - [31m[1mWARNING: This is a development server. Do not use it in a production deployment. Use a production WSGI server instead.[0m
 * Running on all addresses (0.0.0.0)
 * Running on http://127.0.0.1:5000
 * Running on http://172.31.128.96:5000
2025-07-20 09:29:46 - werkzeug - INFO - [33mPress CTRL+C to quit[0m
2025-07-20 09:29:47 - discord.client - WARNING - PyNaCl is not installed, voice will NOT be supported
2025-07-20 09:29:47 - config - INFO - Configuration loaded from config.json
2025-07-20 09:29:47 - __main__ - INFO - Starting Discord Thread Lock Bot...
2025-07-20 09:29:47 - __main__ - INFO - Web interface available for monitoring and pinging
2025-07-20 09:29:47 - discord.client - INFO - logging in using static token
2025-07-20 09:29:48 - werkzeug - INFO - 172.31.128.96 - - [20/Jul/2025 09:29:48] "GET / HTTP/1.1" 200 -
2025-07-20 09:29:48 - bot - INFO - Bot is setting up...
2025-07-20 09:29:48 - bot - INFO - Synced 0 command(s)
2025-07-20 09:29:48 - discord.gateway - INFO - Shard ID None has connected to Gateway (Session ID: 1c513fc14b98a752e4a367039ce0f2b7).
2025-07-20 09:29:50 - bot - INFO - Auto Lock Thread#1010 has connected to Discord!
2025-07-20 09:29:50 - bot - INFO - Bot is in 2 guild(s)
2025-07-20 09:29:50 - bot - INFO - Guild: Aetherian Sovereignty (ID: 1088120058783465536)
2025-07-20 09:29:50 - bot - INFO - Guild: Fire Department | Crystal Pride RP (ID: 1252187253632008253)
2025-07-20 09:30:05 - thread_actions - INFO - [LOCK] Thread 'Disscus Here' by urhalcyon. in Fire Department | Crystal Pride RP
2025-07-20 09:30:05 - handlers.thread_handler - INFO - Thread 'Disscus Here' locked by urhalcyon. in Fire Department | Crystal Pride RP
2025-07-20 09:31:04 - thread_actions - INFO - [LOCK] Thread 'Drew_Leonarrdo' by urhalcyon. in Fire Department | Crystal Pride RP
2025-07-20 09:31:05 - handlers.thread_handler - INFO - Thread 'Drew_Leonarrdo' locked by urhalcyon. in Fire Department | Crystal Pride RP
2025-07-20 09:32:06 - werkzeug - INFO - 172.31.128.96 - - [20/Jul/2025 09:32:06] "GET / HTTP/1.1" 200 -
2025-07-20 09:33:18 - __main__ - INFO - Starting keep-alive web server...
2025-07-20 09:33:18 - __main__ - INFO - Keep-alive server started successfully on port 5000
2025-07-20 09:33:18 - werkzeug - INFO - [31m[1mWARNING: This is a development server. Do not use it in a production deployment. Use a production WSGI server instead.[0m
 * Running on all addresses (0.0.0.0)
 * Running on http://127.0.0.1:5000
 * Running on http://172.31.128.96:5000
2025-07-20 09:33:18 - werkzeug - INFO - [33mPress CTRL+C to quit[0m
2025-07-20 09:33:19 - discord.client - WARNING - PyNaCl is not installed, voice will NOT be supported
2025-07-20 09:33:19 - config - INFO - Configuration loaded from config.json
2025-07-20 09:33:19 - __main__ - INFO - Starting Discord Thread Lock Bot...
2025-07-20 09:33:19 - __main__ - INFO - Web interface available for monitoring and pinging
2025-07-20 09:33:19 - discord.client - INFO - logging in using static token
2025-07-20 09:33:20 - bot - INFO - Bot is setting up...
2025-07-20 09:33:20 - bot - INFO - Synced 0 command(s)
2025-07-20 09:33:20 - discord.gateway - INFO - Shard ID None has connected to Gateway (Session ID: fc86a2fabc7760a4974b854c0da14eee).
2025-07-20 09:33:22 - werkzeug - INFO - 172.31.128.96 - - [20/Jul/2025 09:33:22] "GET / HTTP/1.1" 200 -
2025-07-20 09:33:22 - bot - INFO - Auto Lock Thread#1010 has connected to Discord!
2025-07-20 09:33:22 - bot - INFO - Bot is in 2 guild(s)
2025-07-20 09:33:22 - bot - INFO - Guild: Aetherian Sovereignty (ID: 1088120058783465536)
2025-07-20 09:33:22 - bot - INFO - Guild: Fire Department | Crystal Pride RP (ID: 1252187253632008253)
2025-07-20 09:33:33 - thread_actions - INFO - [LOCK] Thread 'Drew_Leonarrdo' by urhalcyon. in Fire Department | Crystal Pride RP
2025-07-20 09:33:39 - thread_actions - INFO - [AUTO_DELETE] Thread 'Drew_Leonarrdo' by urhalcyon. in Fire Department | Crystal Pride RP - Auto-deleted from special channel
2025-07-20 09:33:40 - handlers.thread_handler - INFO - Thread 'Drew_Leonarrdo' locked by urhalcyon. in Fire Department | Crystal Pride RP
2025-07-20 09:38:23 - werkzeug - INFO - 172.31.128.96 - - [20/Jul/2025 09:38:23] "GET / HTTP/1.1" 200 -
2025-07-20 09:41:48 - __main__ - INFO - Starting keep-alive web server...
2025-07-20 09:41:48 - __main__ - INFO - Keep-alive server started successfully on port 5000
2025-07-20 09:41:48 - werkzeug - INFO - [31m[1mWARNING: This is a development server. Do not use it in a production deployment. Use a production WSGI server instead.[0m
 * Running on all addresses (0.0.0.0)
 * Running on http://127.0.0.1:5000
 * Running on http://172.31.128.96:5000
2025-07-20 09:41:48 - werkzeug - INFO - [33mPress CTRL+C to quit[0m
2025-07-20 09:41:49 - discord.client - WARNING - PyNaCl is not installed, voice will NOT be supported
2025-07-20 09:41:49 - config - INFO - Configuration loaded from config.json
2025-07-20 09:41:49 - __main__ - INFO - Starting Discord Thread Lock Bot...
2025-07-20 09:41:49 - __main__ - INFO - Web interface available for monitoring and pinging
2025-07-20 09:41:49 - discord.client - INFO - logging in using static token
2025-07-20 09:41:49 - bot - INFO - Bot is setting up...
2025-07-20 09:41:49 - werkzeug - INFO - 172.31.128.96 - - [20/Jul/2025 09:41:49] "GET / HTTP/1.1" 200 -
2025-07-20 09:41:49 - bot - INFO - Synced 0 command(s)
2025-07-20 09:41:50 - discord.gateway - INFO - Shard ID None has connected to Gateway (Session ID: 7bb3988c04058d027b1dcacec66eb5ef).
2025-07-20 09:41:52 - bot - INFO - Auto Lock Thread#1010 has connected to Discord!
2025-07-20 09:41:52 - bot - INFO - Bot is in 2 guild(s)
2025-07-20 09:41:52 - bot - INFO - Guild: Aetherian Sovereignty (ID: 1088120058783465536)
2025-07-20 09:41:52 - bot - INFO - Guild: Fire Department | Crystal Pride RP (ID: 1252187253632008253)
2025-07-20 09:42:08 - thread_actions - INFO - [LOCK] Thread 'Report' by urhalcyon. in Fire Department | Crystal Pride RP
2025-07-20 09:42:08 - handlers.thread_handler - INFO - Thread 'Report' locked by urhalcyon. in Fire Department | Crystal Pride RP
2025-07-20 09:58:05 - __main__ - INFO - Starting keep-alive web server...
2025-07-20 09:58:05 - __main__ - INFO - Keep-alive server started successfully on port 5000
2025-07-20 09:58:05 - werkzeug - INFO - [31m[1mWARNING: This is a development server. Do not use it in a production deployment. Use a production WSGI server instead.[0m
 * Running on all addresses (0.0.0.0)
 * Running on http://127.0.0.1:5000
 * Running on http://172.31.128.96:5000
2025-07-20 09:58:05 - werkzeug - INFO - [33mPress CTRL+C to quit[0m
2025-07-20 09:58:06 - discord.client - WARNING - PyNaCl is not installed, voice will NOT be supported
2025-07-20 09:58:06 - config - INFO - Configuration loaded from config.json
2025-07-20 09:58:06 - __main__ - INFO - Starting Discord Thread Lock Bot...
2025-07-20 09:58:06 - __main__ - INFO - Web interface available for monitoring and pinging
2025-07-20 09:58:06 - discord.client - INFO - logging in using static token
2025-07-20 09:58:06 - bot - INFO - Bot is setting up...
2025-07-20 09:58:06 - bot - INFO - Synced 0 command(s)
2025-07-20 09:58:07 - discord.gateway - INFO - Shard ID None has connected to Gateway (Session ID: 61f91a2a1ed0a9fa5d2d03f5db1f36d8).
2025-07-20 09:58:07 - werkzeug - INFO - 172.31.128.96 - - [20/Jul/2025 09:58:07] "GET / HTTP/1.1" 200 -
2025-07-20 09:58:09 - bot - INFO - Auto Lock Thread#1010 has connected to Discord!
2025-07-20 09:58:09 - bot - INFO - Bot is in 2 guild(s)
2025-07-20 09:58:09 - bot - INFO - Guild: Aetherian Sovereignty (ID: 1088120058783465536)
2025-07-20 09:58:09 - bot - INFO - Guild: Fire Department | Crystal Pride RP (ID: 1252187253632008253)
2025-07-20 10:12:16 - werkzeug - INFO - 172.31.128.96 - - [20/Jul/2025 10:12:16] "GET / HTTP/1.1" 200 -
2025-07-20 10:12:16 - werkzeug - INFO - 172.31.128.96 - - [20/Jul/2025 10:12:16] "[33mGET /favicon.ico HTTP/1.1[0m" 404 -
2025-07-20 10:12:21 - werkzeug - INFO - 172.31.128.96 - - [20/Jul/2025 10:12:21] "GET / HTTP/1.1" 200 -
2025-07-20 10:13:04 - werkzeug - INFO - 172.31.128.96 - - [20/Jul/2025 10:13:04] "GET /status HTTP/1.1" 200 -
2025-07-20 10:13:09 - werkzeug - INFO - 172.31.128.96 - - [20/Jul/2025 10:13:09] "GET / HTTP/1.1" 200 -
2025-07-20 10:13:11 - werkzeug - INFO - 172.31.128.96 - - [20/Jul/2025 10:13:11] "HEAD / HTTP/1.1" 200 -
2025-07-20 10:13:12 - werkzeug - INFO - 172.31.128.96 - - [20/Jul/2025 10:13:12] "GET / HTTP/1.1" 200 -
2025-07-20 10:13:39 - werkzeug - INFO - 172.31.128.96 - - [20/Jul/2025 10:13:39] "GET /ping HTTP/1.1" 200 -
2025-07-20 10:13:47 - werkzeug - INFO - 172.31.128.96 - - [20/Jul/2025 10:13:47] "GET / HTTP/1.1" 200 -
2025-07-20 10:13:51 - werkzeug - INFO - 172.31.128.96 - - [20/Jul/2025 10:13:51] "GET /ping HTTP/1.1" 200 -
2025-07-20 10:14:59 - werkzeug - INFO - 172.31.128.96 - - [20/Jul/2025 10:14:59] "GET /ping HTTP/1.1" 200 -
2025-07-20 10:15:20 - werkzeug - INFO - 172.31.128.96 - - [20/Jul/2025 10:15:20] "HEAD /ping HTTP/1.1" 200 -
2025-07-20 10:18:15 - werkzeug - INFO - 172.31.128.96 - - [20/Jul/2025 10:18:15] "HEAD / HTTP/1.1" 200 -
2025-07-20 10:20:01 - werkzeug - INFO - 172.31.128.96 - - [20/Jul/2025 10:20:01] "GET /ping HTTP/1.1" 200 -
2025-07-20 10:20:06 - werkzeug - INFO - 172.31.128.96 - - [20/Jul/2025 10:20:06] "GET /ping HTTP/1.1" 200 -
2025-07-20 10:20:08 - werkzeug - INFO - 172.31.128.96 - - [20/Jul/2025 10:20:08] "GET /ping HTTP/1.1" 200 -
2025-07-20 10:20:24 - werkzeug - INFO - 172.31.128.96 - - [20/Jul/2025 10:20:24] "HEAD /ping HTTP/1.1" 200 -
2025-07-20 10:20:30 - werkzeug - INFO - 172.31.128.96 - - [20/Jul/2025 10:20:30] "GET /ping HTTP/1.1" 200 -
2025-07-20 10:23:19 - werkzeug - INFO - 172.31.128.96 - - [20/Jul/2025 10:23:19] "HEAD / HTTP/1.1" 200 -
2025-07-20 10:24:49 - thread_actions - INFO - [LOCK] Thread 'Disscus Here' by urhalcyon. in Fire Department | Crystal Pride RP
2025-07-20 10:24:49 - handlers.thread_handler - INFO - Thread 'Disscus Here' locked by urhalcyon. in Fire Department | Crystal Pride RP
2025-07-20 10:25:14 - werkzeug - INFO - 172.31.128.96 - - [20/Jul/2025 10:25:14] "GET / HTTP/1.1" 200 -
2025-07-20 10:25:19 - werkzeug - INFO - 172.31.128.96 - - [20/Jul/2025 10:25:19] "GET /ping HTTP/1.1" 200 -
2025-07-20 10:25:27 - werkzeug - INFO - 172.31.128.96 - - [20/Jul/2025 10:25:27] "HEAD /ping HTTP/1.1" 200 -
2025-07-20 10:25:41 - werkzeug - INFO - 172.31.128.96 - - [20/Jul/2025 10:25:41] "GET /ping HTTP/1.1" 200 -
2025-07-20 10:25:41 - werkzeug - INFO - 172.31.128.96 - - [20/Jul/2025 10:25:41] "[33mGET /favicon.ico HTTP/1.1[0m" 404 -
2025-07-20 10:28:22 - werkzeug - INFO - 172.31.128.96 - - [20/Jul/2025 10:28:22] "HEAD / HTTP/1.1" 200 -
2025-07-20 10:28:27 - werkzeug - INFO - 172.31.128.96 - - [20/Jul/2025 10:28:27] "[33mGET /favicon.ico HTTP/1.1[0m" 404 -
2025-07-20 10:30:32 - werkzeug - INFO - 172.31.128.96 - - [20/Jul/2025 10:30:32] "HEAD /ping HTTP/1.1" 200 -
2025-07-20 10:45:24 - __main__ - INFO - Starting keep-alive web server...
2025-07-20 10:45:24 - __main__ - INFO - Keep-alive server started successfully on port 5000
2025-07-20 10:45:24 - werkzeug - INFO - [31m[1mWARNING: This is a development server. Do not use it in a production deployment. Use a production WSGI server instead.[0m
 * Running on all addresses (0.0.0.0)
 * Running on http://127.0.0.1:5000
 * Running on http://172.31.128.39:5000
2025-07-20 10:45:24 - werkzeug - INFO - [33mPress CTRL+C to quit[0m
2025-07-20 10:45:25 - discord.client - WARNING - PyNaCl is not installed, voice will NOT be supported
2025-07-20 10:45:25 - config - INFO - Configuration loaded from config.json
2025-07-20 10:45:25 - __main__ - INFO - Starting Discord Thread Lock Bot...
2025-07-20 10:45:25 - __main__ - INFO - Web interface available for monitoring and pinging
2025-07-20 10:45:25 - discord.client - INFO - logging in using static token
2025-07-20 10:45:26 - bot - INFO - Bot is setting up...
2025-07-20 10:45:26 - bot - INFO - Synced 0 command(s)
2025-07-20 10:45:26 - werkzeug - INFO - 172.31.128.39 - - [20/Jul/2025 10:45:26] "GET / HTTP/1.1" 200 -
2025-07-20 10:45:27 - discord.gateway - INFO - Shard ID None has connected to Gateway (Session ID: 5b017d376cd035577961258da9a603bc).
2025-07-20 10:45:29 - bot - INFO - Auto Lock Thread#1010 has connected to Discord!
2025-07-20 10:45:29 - bot - INFO - Bot is in 2 guild(s)
2025-07-20 10:45:29 - bot - INFO - Guild: Aetherian Sovereignty (ID: 1088120058783465536)
2025-07-20 10:45:29 - bot - INFO - Guild: Fire Department | Crystal Pride RP (ID: 1252187253632008253)
2025-07-20 10:45:36 - thread_actions - INFO - [LOCK] Thread 'Disscus Here' by urhalcyon. in Fire Department | Crystal Pride RP
2025-07-20 10:45:36 - handlers.thread_handler - INFO - Thread 'Disscus Here' locked by urhalcyon. in Fire Department | Crystal Pride RP
2025-07-20 10:45:51 - werkzeug - INFO - 172.31.128.39 - - [20/Jul/2025 10:45:51] "GET /ping HTTP/1.1" 200 -
2025-07-20 10:45:52 - werkzeug - INFO - 172.31.128.39 - - [20/Jul/2025 10:45:52] "[33mGET /favicon.ico HTTP/1.1[0m" 404 -
2025-07-20 10:46:08 - thread_actions - INFO - [LOCK] Thread 'Disscus Here' by urhalcyon. in Fire Department | Crystal Pride RP
2025-07-20 10:46:10 - handlers.thread_handler - INFO - Thread 'Disscus Here' locked by urhalcyon. in Fire Department | Crystal Pride RP
2025-07-20 10:46:34 - werkzeug - INFO - 172.31.128.39 - - [20/Jul/2025 10:46:34] "HEAD /ping HTTP/1.1" 200 -
2025-07-20 10:49:28 - werkzeug - INFO - 172.31.128.39 - - [20/Jul/2025 10:49:28] "HEAD / HTTP/1.1" 200 -
2025-07-20 10:49:45 - thread_actions - INFO - [LOCK] Thread 'Disscus Here' by urhalcyon. in Fire Department | Crystal Pride RP
2025-07-20 10:49:46 - handlers.thread_handler - INFO - Thread 'Disscus Here' locked by urhalcyon. in Fire Department | Crystal Pride RP
2025-07-20 10:51:08 - thread_actions - INFO - [LOCK] Thread 'Disscus Here' by nazz4youu in Fire Department | Crystal Pride RP
2025-07-20 10:51:08 - handlers.thread_handler - INFO - Thread 'Disscus Here' locked by nazz4youu in Fire Department | Crystal Pride RP
2025-07-20 10:51:37 - werkzeug - INFO - 172.31.128.39 - - [20/Jul/2025 10:51:37] "HEAD /ping HTTP/1.1" 200 -
2025-07-20 10:54:31 - werkzeug - INFO - 172.31.128.39 - - [20/Jul/2025 10:54:31] "HEAD / HTTP/1.1" 200 -
2025-07-20 10:56:40 - werkzeug - INFO - 172.31.128.39 - - [20/Jul/2025 10:56:40] "HEAD /ping HTTP/1.1" 200 -
2025-07-20 10:59:34 - werkzeug - INFO - 172.31.128.39 - - [20/Jul/2025 10:59:34] "HEAD / HTTP/1.1" 200 -
2025-07-20 11:01:43 - werkzeug - INFO - 172.31.128.39 - - [20/Jul/2025 11:01:43] "HEAD /ping HTTP/1.1" 200 -
2025-07-20 11:04:38 - werkzeug - INFO - 172.31.128.39 - - [20/Jul/2025 11:04:38] "HEAD / HTTP/1.1" 200 -
2025-07-20 11:06:48 - werkzeug - INFO - 172.31.128.39 - - [20/Jul/2025 11:06:48] "HEAD /ping HTTP/1.1" 200 -
2025-07-20 11:09:41 - werkzeug - INFO - 172.31.128.39 - - [20/Jul/2025 11:09:41] "HEAD / HTTP/1.1" 200 -
2025-07-20 11:11:51 - werkzeug - INFO - 172.31.128.39 - - [20/Jul/2025 11:11:51] "HEAD /ping HTTP/1.1" 200 -
2025-07-20 11:12:00 - thread_actions - INFO - [LOCK] Thread '<@968718394901807104> <@1342445455673655 - glock.choppa22' by dani17.th in Fire Department | Crystal Pride RP
2025-07-20 11:12:00 - handlers.thread_handler - INFO - Thread '<@968718394901807104> <@1342445455673655 - glock.choppa22' locked by dani17.th in Fire Department | Crystal Pride RP
2025-07-20 11:14:46 - werkzeug - INFO - 172.31.128.39 - - [20/Jul/2025 11:14:46] "HEAD / HTTP/1.1" 200 -
2025-07-20 11:16:48 - thread_actions - INFO - [LOCK] Thread 'Disscus Here' by urhalcyon. in Fire Department | Crystal Pride RP
2025-07-20 11:16:48 - handlers.thread_handler - INFO - Thread 'Disscus Here' locked by urhalcyon. in Fire Department | Crystal Pride RP
2025-07-20 11:16:55 - werkzeug - INFO - 172.31.128.39 - - [20/Jul/2025 11:16:55] "HEAD /ping HTTP/1.1" 200 -
2025-07-20 11:19:49 - werkzeug - INFO - 172.31.128.39 - - [20/Jul/2025 11:19:49] "HEAD / HTTP/1.1" 200 -
2025-07-20 11:21:59 - werkzeug - INFO - 172.31.128.39 - - [20/Jul/2025 11:21:59] "HEAD /ping HTTP/1.1" 200 -
2025-07-20 11:22:44 - werkzeug - INFO - 172.31.128.39 - - [20/Jul/2025 11:22:44] "GET / HTTP/1.1" 200 -
2025-07-20 11:23:09 - werkzeug - INFO - 172.31.128.39 - - [20/Jul/2025 11:23:09] "GET / HTTP/1.1" 200 -
2025-07-20 11:23:32 - werkzeug - INFO - 172.31.128.39 - - [20/Jul/2025 11:23:32] "GET / HTTP/1.1" 200 -
2025-07-20 11:24:53 - werkzeug - INFO - 172.31.128.39 - - [20/Jul/2025 11:24:53] "HEAD / HTTP/1.1" 200 -
2025-07-20 11:25:07 - werkzeug - INFO - 172.31.128.39 - - [20/Jul/2025 11:25:07] "GET / HTTP/1.1" 200 -
2025-07-20 11:27:02 - werkzeug - INFO - 172.31.128.39 - - [20/Jul/2025 11:27:02] "HEAD /ping HTTP/1.1" 200 -
2025-07-20 11:29:56 - werkzeug - INFO - 172.31.128.39 - - [20/Jul/2025 11:29:56] "HEAD / HTTP/1.1" 200 -
2025-07-20 11:31:33 - thread_actions - INFO - [LOCK] Thread 'Axell_Cobra' by urhalcyon. in Fire Department | Crystal Pride RP
2025-07-20 11:31:38 - thread_actions - INFO - [AUTO_DELETE] Thread 'Axell_Cobra' by urhalcyon. in Fire Department | Crystal Pride RP - Auto-deleted from special channel
2025-07-20 11:31:39 - handlers.thread_handler - INFO - Thread 'Axell_Cobra' locked by urhalcyon. in Fire Department | Crystal Pride RP
2025-07-20 11:31:47 - thread_actions - INFO - [LOCK] Thread 'Denz_Xancurse' by urhalcyon. in Fire Department | Crystal Pride RP
2025-07-20 11:31:53 - thread_actions - INFO - [AUTO_DELETE] Thread 'Denz_Xancurse' by urhalcyon. in Fire Department | Crystal Pride RP - Auto-deleted from special channel
2025-07-20 11:31:53 - handlers.thread_handler - INFO - Thread 'Denz_Xancurse' locked by urhalcyon. in Fire Department | Crystal Pride RP
2025-07-20 11:32:02 - thread_actions - INFO - [LOCK] Thread 'Maurice_Decamor' by urhalcyon. in Fire Department | Crystal Pride RP
2025-07-20 11:32:05 - werkzeug - INFO - 172.31.128.39 - - [20/Jul/2025 11:32:05] "HEAD /ping HTTP/1.1" 200 -
2025-07-20 11:32:08 - thread_actions - INFO - [AUTO_DELETE] Thread 'Maurice_Decamor' by urhalcyon. in Fire Department | Crystal Pride RP - Auto-deleted from special channel
2025-07-20 11:32:09 - handlers.thread_handler - INFO - Thread 'Maurice_Decamor' locked by urhalcyon. in Fire Department | Crystal Pride RP
2025-07-20 11:32:19 - thread_actions - INFO - [LOCK] Thread 'Fin Mcmissle' by urhalcyon. in Fire Department | Crystal Pride RP
2025-07-20 11:33:32 - __main__ - INFO - Starting keep-alive web server...
2025-07-20 11:33:32 - __main__ - INFO - Keep-alive server started successfully on port 5000
2025-07-20 11:33:32 - werkzeug - INFO - [31m[1mWARNING: This is a development server. Do not use it in a production deployment. Use a production WSGI server instead.[0m
 * Running on all addresses (0.0.0.0)
 * Running on http://127.0.0.1:5000
 * Running on http://172.31.128.46:5000
2025-07-20 11:33:32 - werkzeug - INFO - [33mPress CTRL+C to quit[0m
2025-07-20 11:33:33 - discord.client - WARNING - PyNaCl is not installed, voice will NOT be supported
2025-07-20 11:33:33 - config - INFO - Configuration loaded from config.json
2025-07-20 11:33:33 - __main__ - INFO - Starting Discord Thread Lock Bot...
2025-07-20 11:33:33 - __main__ - INFO - Web interface available for monitoring and pinging
2025-07-20 11:33:33 - discord.client - INFO - logging in using static token
2025-07-20 11:33:33 - bot - INFO - Bot is setting up...
2025-07-20 11:33:33 - bot - INFO - Synced 0 command(s)
2025-07-20 11:33:34 - discord.gateway - INFO - Shard ID None has connected to Gateway (Session ID: 4c0c96399681e778766ee8bd2540acbe).
2025-07-20 11:33:36 - werkzeug - INFO - 172.31.128.46 - - [20/Jul/2025 11:33:36] "GET / HTTP/1.1" 200 -
2025-07-20 11:33:36 - bot - INFO - Auto Lock Thread#1010 has connected to Discord!
2025-07-20 11:33:36 - bot - INFO - Bot is in 2 guild(s)
2025-07-20 11:33:36 - bot - INFO - Guild: Aetherian Sovereignty (ID: 1088120058783465536)
2025-07-20 11:33:36 - bot - INFO - Guild: Fire Department | Crystal Pride RP (ID: 1252187253632008253)
2025-07-20 11:33:43 - werkzeug - INFO - 172.31.128.46 - - [20/Jul/2025 11:33:43] "GET /status HTTP/1.1" 200 -
2025-07-20 11:34:00 - werkzeug - INFO - 172.31.128.46 - - [20/Jul/2025 11:34:00] "GET / HTTP/1.1" 200 -
2025-07-20 11:34:07 - thread_actions - INFO - [LOCK] Thread 'Faito_Xanderz' by urhalcyon. in Fire Department | Crystal Pride RP
2025-07-20 11:34:12 - thread_actions - INFO - [AUTO_DELETE] Thread 'Faito_Xanderz' by urhalcyon. in Fire Department | Crystal Pride RP - Auto-deleted from special channel
2025-07-20 11:34:13 - handlers.thread_handler - INFO - Thread 'Faito_Xanderz' locked by urhalcyon. in Fire Department | Crystal Pride RP
2025-07-20 11:34:24 - thread_actions - INFO - [LOCK] Thread 'Zhanza Santacrus' by urhalcyon. in Fire Department | Crystal Pride RP
2025-07-20 11:34:29 - thread_actions - INFO - [AUTO_DELETE] Thread 'Zhanza Santacrus' by urhalcyon. in Fire Department | Crystal Pride RP - Auto-deleted from special channel
2025-07-20 11:34:30 - handlers.thread_handler - INFO - Thread 'Zhanza Santacrus' locked by urhalcyon. in Fire Department | Crystal Pride RP
2025-07-20 11:34:37 - thread_actions - INFO - [LOCK] Thread 'Valentino_Veentaich' by urhalcyon. in Fire Department | Crystal Pride RP
2025-07-20 11:34:43 - thread_actions - INFO - [AUTO_DELETE] Thread 'Valentino_Veentaich' by urhalcyon. in Fire Department | Crystal Pride RP - Auto-deleted from special channel
2025-07-20 11:34:44 - handlers.thread_handler - INFO - Thread 'Valentino_Veentaich' locked by urhalcyon. in Fire Department | Crystal Pride RP
2025-07-20 11:34:53 - thread_actions - INFO - [LOCK] Thread 'Velos_Alvadoryc' by urhalcyon. in Fire Department | Crystal Pride RP
2025-07-20 11:34:58 - thread_actions - INFO - [AUTO_DELETE] Thread 'Velos_Alvadoryc' by urhalcyon. in Fire Department | Crystal Pride RP - Auto-deleted from special channel
2025-07-20 11:34:59 - handlers.thread_handler - INFO - Thread 'Velos_Alvadoryc' locked by urhalcyon. in Fire Department | Crystal Pride RP
2025-07-20 11:35:00 - werkzeug - INFO - 172.31.128.46 - - [20/Jul/2025 11:35:00] "HEAD / HTTP/1.1" 200 -
2025-07-20 11:35:07 - thread_actions - INFO - [LOCK] Thread 'Fathan_AlfarizzZ' by urhalcyon. in Fire Department | Crystal Pride RP
2025-07-20 11:35:13 - thread_actions - INFO - [AUTO_DELETE] Thread 'Fathan_AlfarizzZ' by urhalcyon. in Fire Department | Crystal Pride RP - Auto-deleted from special channel
2025-07-20 11:35:14 - handlers.thread_handler - INFO - Thread 'Fathan_AlfarizzZ' locked by urhalcyon. in Fire Department | Crystal Pride RP
2025-07-20 11:35:23 - thread_actions - INFO - [LOCK] Thread 'Rendra_Ardner' by urhalcyon. in Fire Department | Crystal Pride RP
2025-07-20 11:35:29 - thread_actions - INFO - [AUTO_DELETE] Thread 'Rendra_Ardner' by urhalcyon. in Fire Department | Crystal Pride RP - Auto-deleted from special channel
2025-07-20 11:35:30 - handlers.thread_handler - INFO - Thread 'Rendra_Ardner' locked by urhalcyon. in Fire Department | Crystal Pride RP
2025-07-20 11:35:38 - thread_actions - INFO - [LOCK] Thread 'Rico Vazquez' by urhalcyon. in Fire Department | Crystal Pride RP
2025-07-20 11:35:43 - thread_actions - INFO - [AUTO_DELETE] Thread 'Rico Vazquez' by urhalcyon. in Fire Department | Crystal Pride RP - Auto-deleted from special channel
2025-07-20 11:35:44 - handlers.thread_handler - INFO - Thread 'Rico Vazquez' locked by urhalcyon. in Fire Department | Crystal Pride RP
2025-07-20 11:37:09 - werkzeug - INFO - 172.31.128.46 - - [20/Jul/2025 11:37:09] "HEAD /ping HTTP/1.1" 200 -
2025-07-20 11:38:29 - werkzeug - INFO - 172.31.128.46 - - [20/Jul/2025 11:38:29] "GET / HTTP/1.1" 200 -
2025-07-20 11:39:26 - werkzeug - INFO - 172.31.128.46 - - [20/Jul/2025 11:39:26] "GET /ping HTTP/1.1" 200 -
2025-07-20 11:39:30 - werkzeug - INFO - 172.31.128.46 - - [20/Jul/2025 11:39:30] "GET /ping HTTP/1.1" 200 -
2025-07-20 11:39:33 - werkzeug - INFO - 172.31.128.46 - - [20/Jul/2025 11:39:33] "GET /ping HTTP/1.1" 200 -
2025-07-20 11:39:36 - werkzeug - INFO - 172.31.128.46 - - [20/Jul/2025 11:39:36] "GET /ping HTTP/1.1" 200 -
2025-07-20 11:39:38 - werkzeug - INFO - 172.31.128.46 - - [20/Jul/2025 11:39:38] "GET /ping HTTP/1.1" 200 -
2025-07-20 11:39:40 - werkzeug - INFO - 172.31.128.46 - - [20/Jul/2025 11:39:40] "GET /ping HTTP/1.1" 200 -
2025-07-20 11:39:45 - werkzeug - INFO - 172.31.128.46 - - [20/Jul/2025 11:39:45] "GET / HTTP/1.1" 200 -
2025-07-20 11:39:58 - werkzeug - INFO - 172.31.128.46 - - [20/Jul/2025 11:39:58] "GET / HTTP/1.1" 200 -
2025-07-20 11:39:59 - werkzeug - INFO - 172.31.128.46 - - [20/Jul/2025 11:39:59] "[33mGET /favicon.ico HTTP/1.1[0m" 404 -
2025-07-20 11:40:01 - werkzeug - INFO - 172.31.128.46 - - [20/Jul/2025 11:40:01] "GET / HTTP/1.1" 200 -
2025-07-20 11:40:03 - werkzeug - INFO - 172.31.128.46 - - [20/Jul/2025 11:40:03] "GET / HTTP/1.1" 200 -
2025-07-20 11:40:04 - werkzeug - INFO - 172.31.128.46 - - [20/Jul/2025 11:40:04] "HEAD / HTTP/1.1" 200 -
2025-07-20 11:40:05 - werkzeug - INFO - 172.31.128.46 - - [20/Jul/2025 11:40:05] "GET / HTTP/1.1" 200 -
2025-07-20 11:41:00 - werkzeug - INFO - 172.31.128.46 - - [20/Jul/2025 11:41:00] "GET / HTTP/1.1" 200 -
2025-07-20 11:41:55 - werkzeug - INFO - 172.31.128.46 - - [20/Jul/2025 11:41:55] "GET / HTTP/1.1" 200 -
2025-07-20 11:42:12 - werkzeug - INFO - 172.31.128.46 - - [20/Jul/2025 11:42:12] "HEAD /ping HTTP/1.1" 200 -
2025-07-20 11:42:14 - werkzeug - INFO - 172.31.128.46 - - [20/Jul/2025 11:42:14] "GET / HTTP/1.1" 200 -
2025-07-20 11:45:08 - werkzeug - INFO - 172.31.128.46 - - [20/Jul/2025 11:45:08] "HEAD / HTTP/1.1" 200 -
2025-07-20 11:47:16 - werkzeug - INFO - 172.31.128.46 - - [20/Jul/2025 11:47:16] "HEAD /ping HTTP/1.1" 200 -
2025-07-20 11:50:11 - werkzeug - INFO - 172.31.128.46 - - [20/Jul/2025 11:50:11] "HEAD / HTTP/1.1" 200 -
2025-07-20 11:51:52 - werkzeug - INFO - 172.31.128.46 - - [20/Jul/2025 11:51:52] "GET /ping HTTP/1.1" 200 -
2025-07-20 11:51:56 - werkzeug - INFO - 172.31.128.46 - - [20/Jul/2025 11:51:56] "GET / HTTP/1.1" 200 -
2025-07-20 11:52:19 - werkzeug - INFO - 172.31.128.46 - - [20/Jul/2025 11:52:19] "HEAD /ping HTTP/1.1" 200 -
2025-07-20 11:55:15 - werkzeug - INFO - 172.31.128.46 - - [20/Jul/2025 11:55:15] "HEAD / HTTP/1.1" 200 -
2025-07-20 11:57:22 - werkzeug - INFO - 172.31.128.46 - - [20/Jul/2025 11:57:22] "HEAD /ping HTTP/1.1" 200 -
2025-07-20 12:00:18 - werkzeug - INFO - 172.31.128.46 - - [20/Jul/2025 12:00:18] "HEAD / HTTP/1.1" 200 -
2025-07-20 12:02:26 - werkzeug - INFO - 172.31.128.46 - - [20/Jul/2025 12:02:26] "HEAD /ping HTTP/1.1" 200 -
2025-07-20 12:05:21 - werkzeug - INFO - 172.31.128.46 - - [20/Jul/2025 12:05:21] "HEAD / HTTP/1.1" 200 -
2025-07-20 12:07:29 - werkzeug - INFO - 172.31.128.46 - - [20/Jul/2025 12:07:29] "HEAD /ping HTTP/1.1" 200 -
2025-07-20 12:10:24 - werkzeug - INFO - 172.31.128.46 - - [20/Jul/2025 12:10:24] "HEAD / HTTP/1.1" 200 -
2025-07-20 12:12:33 - werkzeug - INFO - 172.31.128.46 - - [20/Jul/2025 12:12:33] "HEAD /ping HTTP/1.1" 200 -
2025-07-20 12:15:29 - werkzeug - INFO - 172.31.128.46 - - [20/Jul/2025 12:15:29] "HEAD / HTTP/1.1" 200 -
2025-07-20 12:17:36 - werkzeug - INFO - 172.31.128.46 - - [20/Jul/2025 12:17:36] "HEAD /ping HTTP/1.1" 200 -
2025-07-20 12:20:32 - werkzeug - INFO - 172.31.128.46 - - [20/Jul/2025 12:20:32] "HEAD / HTTP/1.1" 200 -
2025-07-20 12:22:40 - werkzeug - INFO - 172.31.128.46 - - [20/Jul/2025 12:22:40] "HEAD /ping HTTP/1.1" 200 -
2025-07-20 12:25:36 - werkzeug - INFO - 172.31.128.46 - - [20/Jul/2025 12:25:36] "HEAD / HTTP/1.1" 200 -
2025-07-20 12:27:45 - werkzeug - INFO - 172.31.128.46 - - [20/Jul/2025 12:27:45] "HEAD /ping HTTP/1.1" 200 -
2025-07-20 12:30:39 - werkzeug - INFO - 172.31.128.46 - - [20/Jul/2025 12:30:39] "HEAD / HTTP/1.1" 200 -
2025-07-20 12:32:48 - werkzeug - INFO - 172.31.128.46 - - [20/Jul/2025 12:32:48] "HEAD /ping HTTP/1.1" 200 -
2025-07-20 12:35:43 - werkzeug - INFO - 172.31.128.46 - - [20/Jul/2025 12:35:43] "HEAD / HTTP/1.1" 200 -
2025-07-20 12:35:58 - thread_actions - INFO - [LOCK] Thread 'Disscus Here' by puttsxx in Fire Department | Crystal Pride RP
2025-07-20 12:35:58 - handlers.thread_handler - INFO - Thread 'Disscus Here' locked by puttsxx in Fire Department | Crystal Pride RP
2025-07-20 12:37:52 - werkzeug - INFO - 172.31.128.46 - - [20/Jul/2025 12:37:52] "HEAD /ping HTTP/1.1" 200 -
2025-07-20 12:40:47 - werkzeug - INFO - 172.31.128.46 - - [20/Jul/2025 12:40:47] "HEAD / HTTP/1.1" 200 -
2025-07-20 12:42:56 - werkzeug - INFO - 172.31.128.46 - - [20/Jul/2025 12:42:56] "HEAD /ping HTTP/1.1" 200 -
2025-07-20 12:45:51 - werkzeug - INFO - 172.31.128.46 - - [20/Jul/2025 12:45:51] "HEAD / HTTP/1.1" 200 -
2025-07-20 12:48:00 - werkzeug - INFO - 172.31.128.46 - - [20/Jul/2025 12:48:00] "HEAD /ping HTTP/1.1" 200 -
2025-07-20 12:50:55 - werkzeug - INFO - 172.31.128.46 - - [20/Jul/2025 12:50:55] "HEAD / HTTP/1.1" 200 -
2025-07-20 12:53:05 - werkzeug - INFO - 172.31.128.46 - - [20/Jul/2025 12:53:05] "HEAD /ping HTTP/1.1" 200 -
2025-07-20 12:55:58 - werkzeug - INFO - 172.31.128.46 - - [20/Jul/2025 12:55:58] "HEAD / HTTP/1.1" 200 -
2025-07-20 12:58:08 - werkzeug - INFO - 172.31.128.46 - - [20/Jul/2025 12:58:08] "HEAD /ping HTTP/1.1" 200 -
2025-07-20 13:01:02 - werkzeug - INFO - 172.31.128.46 - - [20/Jul/2025 13:01:02] "HEAD / HTTP/1.1" 200 -
2025-07-20 13:03:12 - werkzeug - INFO - 172.31.128.46 - - [20/Jul/2025 13:03:12] "HEAD /ping HTTP/1.1" 200 -
2025-07-20 13:06:06 - werkzeug - INFO - 172.31.128.46 - - [20/Jul/2025 13:06:06] "HEAD / HTTP/1.1" 200 -
2025-07-20 13:08:16 - werkzeug - INFO - 172.31.128.46 - - [20/Jul/2025 13:08:16] "HEAD /ping HTTP/1.1" 200 -
2025-07-20 13:11:10 - werkzeug - INFO - 172.31.128.46 - - [20/Jul/2025 13:11:10] "HEAD / HTTP/1.1" 200 -
2025-07-20 13:13:19 - werkzeug - INFO - 172.31.128.46 - - [20/Jul/2025 13:13:19] "HEAD /ping HTTP/1.1" 200 -
2025-07-20 13:16:13 - werkzeug - INFO - 172.31.128.46 - - [20/Jul/2025 13:16:13] "HEAD / HTTP/1.1" 200 -
2025-07-20 13:18:22 - werkzeug - INFO - 172.31.128.46 - - [20/Jul/2025 13:18:22] "HEAD /ping HTTP/1.1" 200 -
2025-07-20 13:21:17 - werkzeug - INFO - 172.31.128.46 - - [20/Jul/2025 13:21:17] "HEAD / HTTP/1.1" 200 -
2025-07-20 13:23:26 - werkzeug - INFO - 172.31.128.46 - - [20/Jul/2025 13:23:26] "HEAD /ping HTTP/1.1" 200 -
2025-07-20 13:26:20 - werkzeug - INFO - 172.31.128.46 - - [20/Jul/2025 13:26:20] "HEAD / HTTP/1.1" 200 -
2025-07-20 13:28:30 - werkzeug - INFO - 172.31.128.46 - - [20/Jul/2025 13:28:30] "HEAD /ping HTTP/1.1" 200 -
2025-07-20 13:31:25 - werkzeug - INFO - 172.31.128.46 - - [20/Jul/2025 13:31:25] "HEAD / HTTP/1.1" 200 -
2025-07-20 13:33:33 - werkzeug - INFO - 172.31.128.46 - - [20/Jul/2025 13:33:33] "HEAD /ping HTTP/1.1" 200 -
2025-07-20 13:36:29 - werkzeug - INFO - 172.31.128.46 - - [20/Jul/2025 13:36:29] "HEAD / HTTP/1.1" 200 -
2025-07-20 13:38:37 - werkzeug - INFO - 172.31.128.46 - - [20/Jul/2025 13:38:37] "HEAD /ping HTTP/1.1" 200 -
2025-07-20 13:41:32 - werkzeug - INFO - 172.31.128.46 - - [20/Jul/2025 13:41:32] "HEAD / HTTP/1.1" 200 -
2025-07-20 13:43:42 - werkzeug - INFO - 172.31.128.46 - - [20/Jul/2025 13:43:42] "HEAD /ping HTTP/1.1" 200 -
2025-07-20 13:46:36 - werkzeug - INFO - 172.31.128.46 - - [20/Jul/2025 13:46:36] "HEAD / HTTP/1.1" 200 -
2025-07-20 13:48:46 - werkzeug - INFO - 172.31.128.46 - - [20/Jul/2025 13:48:46] "HEAD /ping HTTP/1.1" 200 -
2025-07-20 13:51:39 - werkzeug - INFO - 172.31.128.46 - - [20/Jul/2025 13:51:39] "HEAD / HTTP/1.1" 200 -
2025-07-20 13:53:49 - werkzeug - INFO - 172.31.128.46 - - [20/Jul/2025 13:53:49] "HEAD /ping HTTP/1.1" 200 -
2025-07-20 13:56:43 - werkzeug - INFO - 172.31.128.46 - - [20/Jul/2025 13:56:43] "HEAD / HTTP/1.1" 200 -
2025-07-20 13:58:53 - werkzeug - INFO - 172.31.128.46 - - [20/Jul/2025 13:58:53] "HEAD /ping HTTP/1.1" 200 -
2025-07-20 14:01:47 - werkzeug - INFO - 172.31.128.46 - - [20/Jul/2025 14:01:47] "HEAD / HTTP/1.1" 200 -
2025-07-20 14:03:55 - werkzeug - INFO - 172.31.128.46 - - [20/Jul/2025 14:03:55] "HEAD /ping HTTP/1.1" 200 -
2025-07-20 14:06:50 - werkzeug - INFO - 172.31.128.46 - - [20/Jul/2025 14:06:50] "HEAD / HTTP/1.1" 200 -
2025-07-20 14:08:58 - werkzeug - INFO - 172.31.128.46 - - [20/Jul/2025 14:08:58] "HEAD /ping HTTP/1.1" 200 -
2025-07-20 14:11:53 - werkzeug - INFO - 172.31.128.46 - - [20/Jul/2025 14:11:53] "HEAD / HTTP/1.1" 200 -
2025-07-20 14:14:02 - werkzeug - INFO - 172.31.128.46 - - [20/Jul/2025 14:14:02] "HEAD /ping HTTP/1.1" 200 -
2025-07-20 14:16:58 - werkzeug - INFO - 172.31.128.46 - - [20/Jul/2025 14:16:58] "HEAD / HTTP/1.1" 200 -
2025-07-20 14:19:06 - werkzeug - INFO - 172.31.128.46 - - [20/Jul/2025 14:19:06] "HEAD /ping HTTP/1.1" 200 -
2025-07-20 14:19:48 - discord.gateway - INFO - Shard ID None has successfully RESUMED session 4c0c96399681e778766ee8bd2540acbe.
2025-07-20 14:22:02 - werkzeug - INFO - 172.31.128.46 - - [20/Jul/2025 14:22:02] "HEAD / HTTP/1.1" 200 -
2025-07-20 14:24:10 - werkzeug - INFO - 172.31.128.46 - - [20/Jul/2025 14:24:10] "HEAD /ping HTTP/1.1" 200 -
2025-07-20 14:27:05 - werkzeug - INFO - 172.31.128.46 - - [20/Jul/2025 14:27:05] "HEAD / HTTP/1.1" 200 -
2025-07-20 14:29:13 - werkzeug - INFO - 172.31.128.46 - - [20/Jul/2025 14:29:13] "HEAD /ping HTTP/1.1" 200 -
2025-07-20 14:32:08 - werkzeug - INFO - 172.31.128.46 - - [20/Jul/2025 14:32:08] "HEAD / HTTP/1.1" 200 -
2025-07-20 14:34:18 - werkzeug - INFO - 172.31.128.46 - - [20/Jul/2025 14:34:18] "HEAD /ping HTTP/1.1" 200 -
2025-07-20 14:37:12 - werkzeug - INFO - 172.31.128.46 - - [20/Jul/2025 14:37:12] "HEAD / HTTP/1.1" 200 -
2025-07-20 14:39:21 - werkzeug - INFO - 172.31.128.46 - - [20/Jul/2025 14:39:21] "HEAD /ping HTTP/1.1" 200 -
2025-07-20 14:42:16 - werkzeug - INFO - 172.31.128.46 - - [20/Jul/2025 14:42:16] "HEAD / HTTP/1.1" 200 -
2025-07-20 14:44:25 - werkzeug - INFO - 172.31.128.46 - - [20/Jul/2025 14:44:25] "HEAD /ping HTTP/1.1" 200 -
2025-07-20 14:47:20 - werkzeug - INFO - 172.31.128.46 - - [20/Jul/2025 14:47:20] "HEAD / HTTP/1.1" 200 -
2025-07-20 14:49:28 - werkzeug - INFO - 172.31.128.46 - - [20/Jul/2025 14:49:28] "HEAD /ping HTTP/1.1" 200 -
2025-07-20 14:52:23 - werkzeug - INFO - 172.31.128.46 - - [20/Jul/2025 14:52:23] "HEAD / HTTP/1.1" 200 -
2025-07-20 14:54:32 - werkzeug - INFO - 172.31.128.46 - - [20/Jul/2025 14:54:32] "HEAD /ping HTTP/1.1" 200 -
2025-07-20 14:57:27 - werkzeug - INFO - 172.31.128.46 - - [20/Jul/2025 14:57:27] "HEAD / HTTP/1.1" 200 -
2025-07-20 14:59:35 - werkzeug - INFO - 172.31.128.46 - - [20/Jul/2025 14:59:35] "HEAD /ping HTTP/1.1" 200 -
2025-07-20 15:02:29 - werkzeug - INFO - 172.31.128.46 - - [20/Jul/2025 15:02:29] "HEAD / HTTP/1.1" 200 -
2025-07-20 15:04:39 - werkzeug - INFO - 172.31.128.46 - - [20/Jul/2025 15:04:39] "HEAD /ping HTTP/1.1" 200 -
2025-07-20 15:07:34 - werkzeug - INFO - 172.31.128.46 - - [20/Jul/2025 15:07:34] "HEAD / HTTP/1.1" 200 -
2025-07-20 15:09:41 - werkzeug - INFO - 172.31.128.46 - - [20/Jul/2025 15:09:41] "HEAD /ping HTTP/1.1" 200 -
2025-07-20 15:12:40 - werkzeug - INFO - 172.31.128.46 - - [20/Jul/2025 15:12:40] "HEAD / HTTP/1.1" 200 -
2025-07-20 15:14:45 - werkzeug - INFO - 172.31.128.46 - - [20/Jul/2025 15:14:45] "HEAD /ping HTTP/1.1" 200 -
2025-07-20 15:17:44 - werkzeug - INFO - 172.31.128.46 - - [20/Jul/2025 15:17:44] "HEAD / HTTP/1.1" 200 -
2025-07-20 15:19:49 - werkzeug - INFO - 172.31.128.46 - - [20/Jul/2025 15:19:49] "HEAD /ping HTTP/1.1" 200 -
2025-07-20 15:22:48 - werkzeug - INFO - 172.31.128.46 - - [20/Jul/2025 15:22:48] "HEAD / HTTP/1.1" 200 -
2025-07-20 15:24:52 - werkzeug - INFO - 172.31.128.46 - - [20/Jul/2025 15:24:52] "HEAD /ping HTTP/1.1" 200 -
2025-07-20 15:27:51 - werkzeug - INFO - 172.31.128.46 - - [20/Jul/2025 15:27:51] "HEAD / HTTP/1.1" 200 -
2025-07-20 15:29:55 - werkzeug - INFO - 172.31.128.46 - - [20/Jul/2025 15:29:55] "HEAD /ping HTTP/1.1" 200 -
2025-07-20 15:32:55 - werkzeug - INFO - 172.31.128.46 - - [20/Jul/2025 15:32:55] "HEAD / HTTP/1.1" 200 -
2025-07-20 15:34:59 - werkzeug - INFO - 172.31.128.46 - - [20/Jul/2025 15:34:59] "HEAD /ping HTTP/1.1" 200 -
2025-07-20 15:37:58 - werkzeug - INFO - 172.31.128.46 - - [20/Jul/2025 15:37:58] "HEAD / HTTP/1.1" 200 -
2025-07-20 15:40:03 - werkzeug - INFO - 172.31.128.46 - - [20/Jul/2025 15:40:03] "HEAD /ping HTTP/1.1" 200 -
2025-07-20 15:43:02 - werkzeug - INFO - 172.31.128.46 - - [20/Jul/2025 15:43:02] "HEAD / HTTP/1.1" 200 -
2025-07-20 15:45:06 - werkzeug - INFO - 172.31.128.46 - - [20/Jul/2025 15:45:06] "HEAD /ping HTTP/1.1" 200 -
2025-07-20 15:46:03 - thread_actions - INFO - [LOCK] Thread 'Peter Junior' by kamkam0060 in Fire Department | Crystal Pride RP
2025-07-20 15:46:08 - thread_actions - INFO - [AUTO_DELETE] Thread 'Peter Junior' by kamkam0060 in Fire Department | Crystal Pride RP - Auto-deleted from special channel
2025-07-20 15:46:09 - handlers.thread_handler - INFO - Thread 'Peter Junior' locked by kamkam0060 in Fire Department | Crystal Pride RP
2025-07-20 15:48:06 - werkzeug - INFO - 172.31.128.46 - - [20/Jul/2025 15:48:06] "HEAD / HTTP/1.1" 200 -
2025-07-20 15:50:10 - werkzeug - INFO - 172.31.128.46 - - [20/Jul/2025 15:50:10] "HEAD /ping HTTP/1.1" 200 -
2025-07-20 15:53:10 - werkzeug - INFO - 172.31.128.46 - - [20/Jul/2025 15:53:10] "HEAD / HTTP/1.1" 200 -
2025-07-20 15:55:13 - werkzeug - INFO - 172.31.128.46 - - [20/Jul/2025 15:55:13] "HEAD /ping HTTP/1.1" 200 -
2025-07-20 15:58:13 - werkzeug - INFO - 172.31.128.46 - - [20/Jul/2025 15:58:13] "HEAD / HTTP/1.1" 200 -
2025-07-20 16:00:16 - werkzeug - INFO - 172.31.128.46 - - [20/Jul/2025 16:00:16] "HEAD /ping HTTP/1.1" 200 -
2025-07-20 16:03:17 - werkzeug - INFO - 172.31.128.46 - - [20/Jul/2025 16:03:17] "HEAD / HTTP/1.1" 200 -
2025-07-20 16:05:19 - werkzeug - INFO - 172.31.128.46 - - [20/Jul/2025 16:05:19] "HEAD /ping HTTP/1.1" 200 -
2025-07-20 16:08:20 - werkzeug - INFO - 172.31.128.46 - - [20/Jul/2025 16:08:20] "HEAD / HTTP/1.1" 200 -
2025-07-20 16:10:23 - werkzeug - INFO - 172.31.128.46 - - [20/Jul/2025 16:10:23] "HEAD /ping HTTP/1.1" 200 -
2025-07-20 16:13:23 - werkzeug - INFO - 172.31.128.46 - - [20/Jul/2025 16:13:23] "HEAD / HTTP/1.1" 200 -
2025-07-20 16:15:27 - werkzeug - INFO - 172.31.128.46 - - [20/Jul/2025 16:15:27] "HEAD /ping HTTP/1.1" 200 -
2025-07-20 16:17:50 - werkzeug - INFO - 172.31.128.46 - - [20/Jul/2025 16:17:50] "GET /ping HTTP/1.1" 200 -
2025-07-20 16:17:56 - werkzeug - INFO - 172.31.128.46 - - [20/Jul/2025 16:17:56] "GET / HTTP/1.1" 200 -
2025-07-20 16:18:27 - werkzeug - INFO - 172.31.128.46 - - [20/Jul/2025 16:18:27] "HEAD / HTTP/1.1" 200 -
2025-07-20 16:18:31 - thread_actions - INFO - [LOCK] Thread 'Disscus Here' by urhalcyon. in Fire Department | Crystal Pride RP
2025-07-20 16:18:33 - handlers.thread_handler - INFO - Thread 'Disscus Here' locked by urhalcyon. in Fire Department | Crystal Pride RP
2025-07-20 16:20:30 - werkzeug - INFO - 172.31.128.46 - - [20/Jul/2025 16:20:30] "HEAD /ping HTTP/1.1" 200 -
2025-07-20 16:23:31 - werkzeug - INFO - 172.31.128.46 - - [20/Jul/2025 16:23:31] "HEAD / HTTP/1.1" 200 -
2025-07-20 16:25:33 - werkzeug - INFO - 172.31.128.46 - - [20/Jul/2025 16:25:33] "HEAD /ping HTTP/1.1" 200 -
2025-07-20 16:28:34 - werkzeug - INFO - 172.31.128.46 - - [20/Jul/2025 16:28:34] "HEAD / HTTP/1.1" 200 -
2025-07-20 16:30:37 - werkzeug - INFO - 172.31.128.46 - - [20/Jul/2025 16:30:37] "HEAD /ping HTTP/1.1" 200 -
2025-07-20 16:33:37 - werkzeug - INFO - 172.31.128.46 - - [20/Jul/2025 16:33:37] "HEAD / HTTP/1.1" 200 -
2025-07-21 02:09:58 - __main__ - INFO - Starting keep-alive web server...
2025-07-21 02:09:58 - __main__ - INFO - Keep-alive server started successfully on port 5000
2025-07-21 02:09:58 - werkzeug - INFO - [31m[1mWARNING: This is a development server. Do not use it in a production deployment. Use a production WSGI server instead.[0m
 * Running on all addresses (0.0.0.0)
 * Running on http://127.0.0.1:5000
 * Running on http://172.31.128.78:5000
2025-07-21 02:09:58 - werkzeug - INFO - [33mPress CTRL+C to quit[0m
2025-07-21 02:09:59 - discord.client - WARNING - PyNaCl is not installed, voice will NOT be supported
2025-07-21 02:09:59 - config - INFO - Configuration loaded from config.json
2025-07-21 02:09:59 - __main__ - INFO - Starting Discord Thread Lock Bot...
2025-07-21 02:09:59 - __main__ - INFO - Web interface available for monitoring and pinging
2025-07-21 02:09:59 - discord.client - INFO - logging in using static token
2025-07-21 02:10:00 - bot - INFO - Bot is setting up...
2025-07-21 02:10:00 - bot - INFO - Synced 0 command(s)
2025-07-21 02:10:00 - discord.gateway - INFO - Shard ID None has connected to Gateway (Session ID: 24221eef6f367cb3ea5153663bacdac8).
2025-07-21 02:10:02 - bot - INFO - Auto Lock Thread#1010 has connected to Discord!
2025-07-21 02:10:02 - bot - INFO - Bot is in 2 guild(s)
2025-07-21 02:10:02 - bot - INFO - Guild: Aetherian Sovereignty (ID: 1088120058783465536)
2025-07-21 02:10:02 - bot - INFO - Guild: Fire Department | Crystal Pride RP (ID: 1252187253632008253)
2025-07-21 02:10:04 - werkzeug - INFO - 172.31.128.78 - - [21/Jul/2025 02:10:04] "GET / HTTP/1.1" 200 -
2025-07-21 02:11:20 - werkzeug - INFO - 172.31.128.78 - - [21/Jul/2025 02:11:20] "HEAD / HTTP/1.1" 200 -
